DEBUG #0 (8 entries):
  FPtr = 0x412C4720  (1093420832)
  FSiz = 0x00040000  (262144)
  FCnt = 0x00000002  (2)
  IOff = 0x000158AC  (88236)
  ISiz = 0x0000D474  (54388)
  NAL0 = 0x01000000  (16777216)
  NAL4 = 0x1FE04267  (534790759)
  NAL8 = 0xF68002DA  (4135584474)

DEBUG #0 (8 entries):
  FPtr = 0x412C4720  (1093420832)
  FSiz = 0x00040000  (262144)
  FCnt = 0x00000002  (2)
  IOff = 0x000158AC  (88236)
  ISiz = 0x0000B8C0  (47296)
  NAL0 = 0x01000000  (16777216)
  NAL4 = 0x1FE04267  (534790759)
  NAL8 = 0xF68002DA  (4135584474)

DEBUG #0 (8 entries):
  FPtr = 0x412C4720  (1093420832)
  FSiz = 0x00040000  (262144)
  FCnt = 0x00000002  (2)
  IOff = 0x000158AC  (88236)
  ISiz = 0x0000CB74  (52084)
  NAL0 = 0x01000000  (16777216)
  NAL4 = 0x1FE04267  (534790759)
  NAL8 = 0xF68002DA  (4135584474)

DEBUG #0 (8 entries):
  FPtr = 0x412C4720  (1093420832)
  FSiz = 0x00040000  (262144)
  FCnt = 0x00000002  (2)
  IOff = 0x000158AC  (88236)
  ISiz = 0x0000DCD4  (56532)
  NAL0 = 0x01000000  (16777216)
  NAL4 = 0x1FE04267  (534790759)
  NAL8 = 0xF68002DA  (4135584474)

DEBUG #0 (8 entries):
  FPtr = 0x412C4720  (1093420832)
  FSiz = 0x00040000  (262144)
  FCnt = 0x00000002  (2)
  IOff = 0x000158AC  (88236)
  ISiz = 0x0000D188  (53640)
  NAL0 = 0x01000000  (16777216)
  NAL4 = 0x1FE04267  (534790759)
  NAL8 = 0xF68002DA  (4135584474)

DEBUG #0 (8 entries):
  FPtr = 0x412C4720  (1093420832)
  FSiz = 0x00040000  (262144)
  FCnt = 0x00000002  (2)
  IOff = 0x000158AC  (88236)
  ISiz = 0x0000D2BC  (53948)
  NAL0 = 0x01000000  (16777216)
  NAL4 = 0x1FE04267  (534790759)
  NAL8 = 0xF68002DA  (4135584474)

DEBUG #0 (8 entries):
  FPtr = 0x412C4720  (1093420832)
  FSiz = 0x00040000  (262144)
  FCnt = 0x00000002  (2)
  IOff = 0x000158AC  (88236)
  ISiz = 0x0000C8EC  (51436)
  NAL0 = 0x01000000  (16777216)
  NAL4 = 0x1FE04267  (534790759)
  NAL8 = 0xF68002DA  (4135584474)

DEBUG #0 (8 entries):
  FPtr = 0x412C4720  (1093420832)
  FSiz = 0x00040000  (262144)
  FCnt = 0x00000002  (2)
  IOff = 0x000158AC  (88236)
  ISiz = 0x0000D378  (54136)
  NAL0 = 0x01000000  (16777216)
  NAL4 = 0x1FE04267  (534790759)
  NAL8 = 0xF68002DA  (4135584474)

